<?xml version="1.0" encoding="UTF-8"?>
<!-- Generated by org.testng.reporters.JUnitReportReporter -->
<testsuite hostname="DESKTOP-99N73JI" failures="0" tests="1" name="p4.p4.login" time="19.180" errors="0" timestamp="26 Jan 2021 13:31:46 GMT" skipped="0">
  <testcase classname="p4.p4.login" name="verify" time="19.180"/>
</testsuite> <!-- p4.p4.login -->
